* using log directory ‘/home/runner/work/Rsamtools/Rsamtools/Rsamtools.Rcheck’
* using R version 4.3.3 (2024-02-29)
* using platform: x86_64-pc-linux-gnu (64-bit)
* R was compiled by
    gcc (Ubuntu 13.2.0-23ubuntu3) 13.2.0
    GNU Fortran (Ubuntu 13.2.0-23ubuntu3) 13.2.0
* running under: Ubuntu 24.04.3 LTS
* using session charset: UTF-8
* using options ‘--no-examples --no-tests --no-vignettes’
* checking for file ‘Rsamtools/DESCRIPTION’ ... OK
* checking extension type ... Package
* this is package ‘Rsamtools’ version ‘2.25.2’
* package encoding: UTF-8
* checking package namespace information ... OK
* checking package dependencies ... ERROR
Packages required but not available:
  'Seqinfo', 'GenomicRanges', 'Biostrings', 'BiocGenerics',
  'S4Vectors', 'IRanges', 'XVector', 'bitops', 'BiocParallel',
  'Rhtslib'

Packages suggested but not available for checking:
  'GenomicAlignments', 'ShortRead', 'GenomicFeatures',
  'TxDb.Dmelanogaster.UCSC.dm3.ensGene',
  'TxDb.Hsapiens.UCSC.hg18.knownGene', 'RNAseqData.HNRNPC.bam.chr14',
  'BSgenome.Hsapiens.UCSC.hg19', 'RUnit', 'BiocStyle', 'knitr'

VignetteBuilder package required for checking but not installed: ‘knitr’

See section ‘The DESCRIPTION file’ in the ‘Writing R Extensions’
manual.
* DONE
Status: 1 ERROR
